<?xml version="1.0" encoding="UTF-8"?>
<testsuite name="com.phonebook.tests.LoginTests" tests="2" skipped="0" failures="0" errors="0" timestamp="2024-04-10T16:55:00" hostname="MacBook-Air-Irena.local" time="1.89">
  <properties/>
  <testcase name="loginNegativeTestWithoutEmail" classname="com.phonebook.tests.LoginTests" time="0.894"/>
  <testcase name="loginPositiveTest" classname="com.phonebook.tests.LoginTests" time="0.915"/>
  <system-out><![CDATA[]]></system-out>
  <system-err><![CDATA[]]></system-err>
</testsuite>
